2020-11-03 23:31:18 startup packages configure
2020-11-03 23:31:18 configure lsb-base:all 10.2019051400+rpi1 <none>
2020-11-03 23:31:18 status unpacked lsb-base:all 10.2019051400+rpi1
2020-11-03 23:31:19 status half-configured lsb-base:all 10.2019051400+rpi1
2020-11-03 23:31:19 status installed lsb-base:all 10.2019051400+rpi1
2020-11-03 23:31:19 configure wireless-regdb:all 2018.05.09-0~rpt1 <none>
2020-11-03 23:31:19 status unpacked wireless-regdb:all 2018.05.09-0~rpt1
2020-11-03 23:31:19 status half-configured wireless-regdb:all 2018.05.09-0~rpt1
2020-11-03 23:31:19 status installed wireless-regdb:all 2018.05.09-0~rpt1
2020-11-03 23:31:19 configure libldap-common:all 2.4.47+dfsg-3+rpi1+deb10u2 <none>
2020-11-03 23:31:19 status unpacked libldap-common:all 2.4.47+dfsg-3+rpi1+deb10u2
2020-11-03 23:31:19 status half-configured libldap-common:all 2.4.47+dfsg-3+rpi1+deb10u2
2020-11-03 23:31:19 status installed libldap-common:all 2.4.47+dfsg-3+rpi1+deb10u2
2020-11-03 23:31:19 configure libaudit-common:all 1:2.8.4-3 <none>
2020-11-03 23:31:19 status unpacked libaudit-common:all 1:2.8.4-3
2020-11-03 23:31:19 status half-configured libaudit-common:all 1:2.8.4-3
2020-11-03 23:31:19 status installed libaudit-common:all 1:2.8.4-3
2020-11-03 23:31:19 configure libsemanage-common:all 2.8-2 <none>
2020-11-03 23:31:19 status unpacked libsemanage-common:all 2.8-2
2020-11-03 23:31:19 status half-configured libsemanage-common:all 2.8-2
2020-11-03 23:31:19 status installed libsemanage-common:all 2.8-2
2020-11-03 23:31:19 configure ncurses-base:all 6.1+20181013-2+deb10u2 <none>
2020-11-03 23:31:19 status unpacked ncurses-base:all 6.1+20181013-2+deb10u2
2020-11-03 23:31:19 status half-configured ncurses-base:all 6.1+20181013-2+deb10u2
2020-11-03 23:31:19 status installed ncurses-base:all 6.1+20181013-2+deb10u2
2020-11-03 23:31:19 configure firmware-brcm80211:all 1:20190114-1+rpt9 <none>
2020-11-03 23:31:19 status unpacked firmware-brcm80211:all 1:20190114-1+rpt9
2020-11-03 23:31:19 status half-configured firmware-brcm80211:all 1:20190114-1+rpt9
2020-11-03 23:31:19 status installed firmware-brcm80211:all 1:20190114-1+rpt9
2020-11-03 23:31:19 configure gnupg-l10n:all 2.2.12-1+rpi1+deb10u1 <none>
2020-11-03 23:31:19 status unpacked gnupg-l10n:all 2.2.12-1+rpi1+deb10u1
2020-11-03 23:31:19 status half-configured gnupg-l10n:all 2.2.12-1+rpi1+deb10u1
2020-11-03 23:31:19 status installed gnupg-l10n:all 2.2.12-1+rpi1+deb10u1
2020-11-03 23:31:19 configure gcc-8-base:armhf 8.3.0-6+rpi1 <none>
2020-11-03 23:31:19 status unpacked gcc-8-base:armhf 8.3.0-6+rpi1
2020-11-03 23:31:19 status half-configured gcc-8-base:armhf 8.3.0-6+rpi1
2020-11-03 23:31:19 status installed gcc-8-base:armhf 8.3.0-6+rpi1
2020-11-03 23:31:19 configure sensible-utils:all 0.0.12 <none>
2020-11-03 23:31:19 status unpacked sensible-utils:all 0.0.12
2020-11-03 23:31:19 status half-configured sensible-utils:all 0.0.12
2020-11-03 23:31:19 status installed sensible-utils:all 0.0.12
2020-11-03 23:31:19 configure libc6:armhf 2.28-10+rpi1 <none>
2020-11-03 23:31:19 status unpacked libc6:armhf 2.28-10+rpi1
2020-11-03 23:31:19 status half-configured libc6:armhf 2.28-10+rpi1
2020-11-03 23:31:22 status installed libc6:armhf 2.28-10+rpi1
2020-11-03 23:31:22 configure libudev1:armhf 241-7~deb10u4+rpi1 <none>
2020-11-03 23:31:22 status unpacked libudev1:armhf 241-7~deb10u4+rpi1
2020-11-03 23:31:22 status half-configured libudev1:armhf 241-7~deb10u4+rpi1
2020-11-03 23:31:22 status installed libudev1:armhf 241-7~deb10u4+rpi1
2020-11-03 23:31:22 configure libsepol1:armhf 2.8-1 <none>
2020-11-03 23:31:22 status unpacked libsepol1:armhf 2.8-1
2020-11-03 23:31:22 status half-configured libsepol1:armhf 2.8-1
2020-11-03 23:31:22 status installed libsepol1:armhf 2.8-1
2020-11-03 23:31:22 configure libattr1:armhf 1:2.4.48-4 <none>
2020-11-03 23:31:22 status unpacked libattr1:armhf 1:2.4.48-4
2020-11-03 23:31:22 status half-configured libattr1:armhf 1:2.4.48-4
2020-11-03 23:31:22 status installed libattr1:armhf 1:2.4.48-4
2020-11-03 23:31:22 configure libnl-3-200:armhf 3.4.0-1 <none>
2020-11-03 23:31:22 status unpacked libnl-3-200:armhf 3.4.0-1
2020-11-03 23:31:22 status half-configured libnl-3-200:armhf 3.4.0-1
2020-11-03 23:31:22 status installed libnl-3-200:armhf 3.4.0-1
2020-11-03 23:31:22 configure libtasn1-6:armhf 4.13-3 <none>
2020-11-03 23:31:22 status unpacked libtasn1-6:armhf 4.13-3
2020-11-03 23:31:22 status half-configured libtasn1-6:armhf 4.13-3
2020-11-03 23:31:22 status installed libtasn1-6:armhf 4.13-3
2020-11-03 23:31:22 configure debianutils:armhf 4.8.6.1 <none>
2020-11-03 23:31:22 status unpacked debianutils:armhf 4.8.6.1
2020-11-03 23:31:22 status half-configured debianutils:armhf 4.8.6.1
2020-11-03 23:31:22 status installed debianutils:armhf 4.8.6.1
2020-11-03 23:31:22 configure mawk:armhf 1.3.3-17 <none>
2020-11-03 23:31:22 status unpacked mawk:armhf 1.3.3-17
2020-11-03 23:31:22 status half-configured mawk:armhf 1.3.3-17
2020-11-03 23:31:22 status installed mawk:armhf 1.3.3-17
2020-11-03 23:31:22 configure libdebconfclient0:armhf 0.249 <none>
2020-11-03 23:31:22 status unpacked libdebconfclient0:armhf 0.249
2020-11-03 23:31:22 status half-configured libdebconfclient0:armhf 0.249
2020-11-03 23:31:22 status installed libdebconfclient0:armhf 0.249
2020-11-03 23:31:22 configure base-files:armhf 10.3+rpi1+deb10u6 <none>
2020-11-03 23:31:22 status unpacked base-files:armhf 10.3+rpi1+deb10u6
2020-11-03 23:31:22 status half-configured base-files:armhf 10.3+rpi1+deb10u6
2020-11-03 23:31:24 status installed base-files:armhf 10.3+rpi1+deb10u6
2020-11-03 23:31:24 configure libbz2-1.0:armhf 1.0.6-9.2~deb10u1 <none>
2020-11-03 23:31:24 status unpacked libbz2-1.0:armhf 1.0.6-9.2~deb10u1
2020-11-03 23:31:24 status half-configured libbz2-1.0:armhf 1.0.6-9.2~deb10u1
2020-11-03 23:31:24 status installed libbz2-1.0:armhf 1.0.6-9.2~deb10u1
2020-11-03 23:31:24 configure libbsd0:armhf 0.9.1-2 <none>
2020-11-03 23:31:24 status unpacked libbsd0:armhf 0.9.1-2
2020-11-03 23:31:24 status half-configured libbsd0:armhf 0.9.1-2
2020-11-03 23:31:24 status installed libbsd0:armhf 0.9.1-2
2020-11-03 23:31:24 configure base-passwd:armhf 3.5.46 <none>
2020-11-03 23:31:24 status unpacked base-passwd:armhf 3.5.46
2020-11-03 23:31:24 status half-configured base-passwd:armhf 3.5.46
2020-11-03 23:31:25 status installed base-passwd:armhf 3.5.46
2020-11-03 23:31:25 configure libdb5.3:armhf 5.3.28+dfsg1-0.5 <none>
2020-11-03 23:31:25 status unpacked libdb5.3:armhf 5.3.28+dfsg1-0.5
2020-11-03 23:31:25 status half-configured libdb5.3:armhf 5.3.28+dfsg1-0.5
2020-11-03 23:31:25 status installed libdb5.3:armhf 5.3.28+dfsg1-0.5
2020-11-03 23:31:25 configure libtinfo6:armhf 6.1+20181013-2+deb10u2 <none>
2020-11-03 23:31:25 status unpacked libtinfo6:armhf 6.1+20181013-2+deb10u2
2020-11-03 23:31:25 status half-configured libtinfo6:armhf 6.1+20181013-2+deb10u2
2020-11-03 23:31:25 status installed libtinfo6:armhf 6.1+20181013-2+deb10u2
2020-11-03 23:31:25 configure bash:armhf 5.0-4 <none>
2020-11-03 23:31:25 status unpacked bash:armhf 5.0-4
2020-11-03 23:31:25 status half-configured bash:armhf 5.0-4
2020-11-03 23:31:26 status installed bash:armhf 5.0-4
2020-11-03 23:31:26 configure cpio:armhf 2.12+dfsg-9 <none>
2020-11-03 23:31:26 status unpacked cpio:armhf 2.12+dfsg-9
2020-11-03 23:31:26 status half-configured cpio:armhf 2.12+dfsg-9
2020-11-03 23:31:26 status installed cpio:armhf 2.12+dfsg-9
2020-11-03 23:31:26 configure libzstd1:armhf 1.3.8+dfsg-3+rpi1 <none>
2020-11-03 23:31:26 status unpacked libzstd1:armhf 1.3.8+dfsg-3+rpi1
2020-11-03 23:31:26 status half-configured libzstd1:armhf 1.3.8+dfsg-3+rpi1
2020-11-03 23:31:26 status installed libzstd1:armhf 1.3.8+dfsg-3+rpi1
2020-11-03 23:31:26 configure libjson-c3:armhf 0.12.1+ds-2+deb10u1 <none>
2020-11-03 23:31:26 status unpacked libjson-c3:armhf 0.12.1+ds-2+deb10u1
2020-11-03 23:31:26 status half-configured libjson-c3:armhf 0.12.1+ds-2+deb10u1
2020-11-03 23:31:26 status installed libjson-c3:armhf 0.12.1+ds-2+deb10u1
2020-11-03 23:31:26 configure libkeyutils1:armhf 1.6-6 <none>
2020-11-03 23:31:26 status unpacked libkeyutils1:armhf 1.6-6
2020-11-03 23:31:26 status half-configured libkeyutils1:armhf 1.6-6
2020-11-03 23:31:26 status installed libkeyutils1:armhf 1.6-6
2020-11-03 23:31:26 configure libapparmor1:armhf 2.13.2-10 <none>
2020-11-03 23:31:26 status unpacked libapparmor1:armhf 2.13.2-10
2020-11-03 23:31:26 status half-configured libapparmor1:armhf 2.13.2-10
2020-11-03 23:31:27 status installed libapparmor1:armhf 2.13.2-10
2020-11-03 23:31:27 configure libip4tc0:armhf 1.8.2-4 <none>
2020-11-03 23:31:27 status unpacked libip4tc0:armhf 1.8.2-4
2020-11-03 23:31:27 status half-configured libip4tc0:armhf 1.8.2-4
2020-11-03 23:31:27 status installed libip4tc0:armhf 1.8.2-4
2020-11-03 23:31:27 configure liblzma5:armhf 5.2.4-1 <none>
2020-11-03 23:31:27 status unpacked liblzma5:armhf 5.2.4-1
2020-11-03 23:31:27 status half-configured liblzma5:armhf 5.2.4-1
2020-11-03 23:31:27 status installed liblzma5:armhf 5.2.4-1
2020-11-03 23:31:27 configure libgpg-error0:armhf 1.35-1 <none>
2020-11-03 23:31:27 status unpacked libgpg-error0:armhf 1.35-1
2020-11-03 23:31:27 status half-configured libgpg-error0:armhf 1.35-1
2020-11-03 23:31:27 status installed libgpg-error0:armhf 1.35-1
2020-11-03 23:31:27 configure libgcc1:armhf 1:8.3.0-6+rpi1 <none>
2020-11-03 23:31:27 status unpacked libgcc1:armhf 1:8.3.0-6+rpi1
2020-11-03 23:31:27 status half-configured libgcc1:armhf 1:8.3.0-6+rpi1
2020-11-03 23:31:27 status installed libgcc1:armhf 1:8.3.0-6+rpi1
2020-11-03 23:31:27 configure liblz4-1:armhf 1.8.3-1 <none>
2020-11-03 23:31:27 status unpacked liblz4-1:armhf 1.8.3-1
2020-11-03 23:31:27 status half-configured liblz4-1:armhf 1.8.3-1
2020-11-03 23:31:27 status installed liblz4-1:armhf 1.8.3-1
2020-11-03 23:31:27 configure libargon2-1:armhf 0~20171227-0.2 <none>
2020-11-03 23:31:27 status unpacked libargon2-1:armhf 0~20171227-0.2
2020-11-03 23:31:27 status half-configured libargon2-1:armhf 0~20171227-0.2
2020-11-03 23:31:27 status installed libargon2-1:armhf 0~20171227-0.2
2020-11-03 23:31:27 configure libedit2:armhf 3.1-20181209-1 <none>
2020-11-03 23:31:27 status unpacked libedit2:armhf 3.1-20181209-1
2020-11-03 23:31:27 status half-configured libedit2:armhf 3.1-20181209-1
2020-11-03 23:31:27 status installed libedit2:armhf 3.1-20181209-1
2020-11-03 23:31:27 configure libc-bin:armhf 2.28-10+rpi1 <none>
2020-11-03 23:31:27 status unpacked libc-bin:armhf 2.28-10+rpi1
2020-11-03 23:31:27 status half-configured libc-bin:armhf 2.28-10+rpi1
2020-11-03 23:31:27 status installed libc-bin:armhf 2.28-10+rpi1
2020-11-03 23:31:27 configure libsqlite3-0:armhf 3.27.2-3 <none>
2020-11-03 23:31:27 status triggers-pending libc-bin:armhf 2.28-10+rpi1
2020-11-03 23:31:27 status unpacked libsqlite3-0:armhf 3.27.2-3
2020-11-03 23:31:27 status half-configured libsqlite3-0:armhf 3.27.2-3
2020-11-03 23:31:27 status installed libsqlite3-0:armhf 3.27.2-3
2020-11-03 23:31:27 configure libacl1:armhf 2.2.53-4 <none>
2020-11-03 23:31:27 status unpacked libacl1:armhf 2.2.53-4
2020-11-03 23:31:27 status half-configured libacl1:armhf 2.2.53-4
2020-11-03 23:31:27 status installed libacl1:armhf 2.2.53-4
2020-11-03 23:31:27 configure libunistring2:armhf 0.9.10-1 <none>
2020-11-03 23:31:27 status unpacked libunistring2:armhf 0.9.10-1
2020-11-03 23:31:27 status half-configured libunistring2:armhf 0.9.10-1
2020-11-03 23:31:27 status installed libunistring2:armhf 0.9.10-1
2020-11-03 23:31:27 configure libsmartcols1:armhf 2.33.1-0.1 <none>
2020-11-03 23:31:27 status unpacked libsmartcols1:armhf 2.33.1-0.1
2020-11-03 23:31:27 status half-configured libsmartcols1:armhf 2.33.1-0.1
2020-11-03 23:31:27 status installed libsmartcols1:armhf 2.33.1-0.1
2020-11-03 23:31:27 configure libgcrypt20:armhf 1.8.4-5 <none>
2020-11-03 23:31:27 status unpacked libgcrypt20:armhf 1.8.4-5
2020-11-03 23:31:27 status half-configured libgcrypt20:armhf 1.8.4-5
2020-11-03 23:31:27 status installed libgcrypt20:armhf 1.8.4-5
2020-11-03 23:31:27 configure zlib1g:armhf 1:1.2.11.dfsg-1 <none>
2020-11-03 23:31:27 status unpacked zlib1g:armhf 1:1.2.11.dfsg-1
2020-11-03 23:31:27 status half-configured zlib1g:armhf 1:1.2.11.dfsg-1
2020-11-03 23:31:27 status installed zlib1g:armhf 1:1.2.11.dfsg-1
2020-11-03 23:31:27 configure libnpth0:armhf 1.6-1 <none>
2020-11-03 23:31:27 status unpacked libnpth0:armhf 1.6-1
2020-11-03 23:31:27 status half-configured libnpth0:armhf 1.6-1
2020-11-03 23:31:27 status installed libnpth0:armhf 1.6-1
2020-11-03 23:31:27 configure libffi6:armhf 3.2.1-9 <none>
2020-11-03 23:31:27 status unpacked libffi6:armhf 3.2.1-9
2020-11-03 23:31:27 status half-configured libffi6:armhf 3.2.1-9
2020-11-03 23:31:27 status installed libffi6:armhf 3.2.1-9
2020-11-03 23:31:27 configure libidn2-0:armhf 2.0.5-1+deb10u1 <none>
2020-11-03 23:31:27 status unpacked libidn2-0:armhf 2.0.5-1+deb10u1
2020-11-03 23:31:27 status half-configured libidn2-0:armhf 2.0.5-1+deb10u1
2020-11-03 23:31:27 status installed libidn2-0:armhf 2.0.5-1+deb10u1
2020-11-03 23:31:28 configure libcom-err2:armhf 1.44.5-1+deb10u3 <none>
2020-11-03 23:31:28 status unpacked libcom-err2:armhf 1.44.5-1+deb10u3
2020-11-03 23:31:28 status half-configured libcom-err2:armhf 1.44.5-1+deb10u3
2020-11-03 23:31:28 status installed libcom-err2:armhf 1.44.5-1+deb10u3
2020-11-03 23:31:28 configure libassuan0:armhf 2.5.2-1 <none>
2020-11-03 23:31:28 status unpacked libassuan0:armhf 2.5.2-1
2020-11-03 23:31:28 status half-configured libassuan0:armhf 2.5.2-1
2020-11-03 23:31:28 status installed libassuan0:armhf 2.5.2-1
2020-11-03 23:31:28 configure diffutils:armhf 1:3.7-3 <none>
2020-11-03 23:31:28 status unpacked diffutils:armhf 1:3.7-3
2020-11-03 23:31:28 status half-configured diffutils:armhf 1:3.7-3
2020-11-03 23:31:28 status installed diffutils:armhf 1:3.7-3
2020-11-03 23:31:28 configure libseccomp2:armhf 2.3.3-4 <none>
2020-11-03 23:31:28 status unpacked libseccomp2:armhf 2.3.3-4
2020-11-03 23:31:28 status half-configured libseccomp2:armhf 2.3.3-4
2020-11-03 23:31:28 status installed libseccomp2:armhf 2.3.3-4
2020-11-03 23:31:28 configure libsystemd0:armhf 241-7~deb10u4+rpi1 <none>
2020-11-03 23:31:28 status unpacked libsystemd0:armhf 241-7~deb10u4+rpi1
2020-11-03 23:31:28 status half-configured libsystemd0:armhf 241-7~deb10u4+rpi1
2020-11-03 23:31:28 status installed libsystemd0:armhf 241-7~deb10u4+rpi1
2020-11-03 23:31:28 configure libcap2:armhf 1:2.25-2 <none>
2020-11-03 23:31:28 status unpacked libcap2:armhf 1:2.25-2
2020-11-03 23:31:28 status half-configured libcap2:armhf 1:2.25-2
2020-11-03 23:31:28 status installed libcap2:armhf 1:2.25-2
2020-11-03 23:31:28 configure libkrb5support0:armhf 1.17-3 <none>
2020-11-03 23:31:28 status unpacked libkrb5support0:armhf 1.17-3
2020-11-03 23:31:28 status half-configured libkrb5support0:armhf 1.17-3
2020-11-03 23:31:28 status installed libkrb5support0:armhf 1.17-3
2020-11-03 23:31:28 configure libnl-route-3-200:armhf 3.4.0-1 <none>
2020-11-03 23:31:28 status unpacked libnl-route-3-200:armhf 3.4.0-1
2020-11-03 23:31:28 status half-configured libnl-route-3-200:armhf 3.4.0-1
2020-11-03 23:31:28 status installed libnl-route-3-200:armhf 3.4.0-1
2020-11-03 23:31:28 configure libsasl2-modules-db:armhf 2.1.27+dfsg-1+deb10u1 <none>
2020-11-03 23:31:28 status unpacked libsasl2-modules-db:armhf 2.1.27+dfsg-1+deb10u1
2020-11-03 23:31:28 status half-configured libsasl2-modules-db:armhf 2.1.27+dfsg-1+deb10u1
2020-11-03 23:31:28 status installed libsasl2-modules-db:armhf 2.1.27+dfsg-1+deb10u1
2020-11-03 23:31:28 configure libpcre3:armhf 2:8.39-12 <none>
2020-11-03 23:31:28 status unpacked libpcre3:armhf 2:8.39-12
2020-11-03 23:31:28 status half-configured libpcre3:armhf 2:8.39-12
2020-11-03 23:31:28 status installed libpcre3:armhf 2:8.39-12
2020-11-03 23:31:28 configure libcap-ng0:armhf 0.7.9-2 <none>
2020-11-03 23:31:28 status unpacked libcap-ng0:armhf 0.7.9-2
2020-11-03 23:31:28 status half-configured libcap-ng0:armhf 0.7.9-2
2020-11-03 23:31:28 status installed libcap-ng0:armhf 0.7.9-2
2020-11-03 23:31:28 configure libwrap0:armhf 7.6.q-28 <none>
2020-11-03 23:31:28 status unpacked libwrap0:armhf 7.6.q-28
2020-11-03 23:31:28 status half-configured libwrap0:armhf 7.6.q-28
2020-11-03 23:31:28 status installed libwrap0:armhf 7.6.q-28
2020-11-03 23:31:28 configure libidn11:armhf 1.33-2.2 <none>
2020-11-03 23:31:28 status unpacked libidn11:armhf 1.33-2.2
2020-11-03 23:31:28 status half-configured libidn11:armhf 1.33-2.2
2020-11-03 23:31:28 status installed libidn11:armhf 1.33-2.2
2020-11-03 23:31:28 configure libgmp10:armhf 2:6.1.2+dfsg-4 <none>
2020-11-03 23:31:28 status unpacked libgmp10:armhf 2:6.1.2+dfsg-4
2020-11-03 23:31:28 status half-configured libgmp10:armhf 2:6.1.2+dfsg-4
2020-11-03 23:31:28 status installed libgmp10:armhf 2:6.1.2+dfsg-4
2020-11-03 23:31:28 configure libncurses6:armhf 6.1+20181013-2+deb10u2 <none>
2020-11-03 23:31:28 status unpacked libncurses6:armhf 6.1+20181013-2+deb10u2
2020-11-03 23:31:28 status half-configured libncurses6:armhf 6.1+20181013-2+deb10u2
2020-11-03 23:31:28 status installed libncurses6:armhf 6.1+20181013-2+deb10u2
2020-11-03 23:31:28 configure libdbus-1-3:armhf 1.12.20-0+deb10u1 <none>
2020-11-03 23:31:28 status unpacked libdbus-1-3:armhf 1.12.20-0+deb10u1
2020-11-03 23:31:28 status half-configured libdbus-1-3:armhf 1.12.20-0+deb10u1
2020-11-03 23:31:28 status installed libdbus-1-3:armhf 1.12.20-0+deb10u1
2020-11-03 23:31:28 configure libp11-kit0:armhf 0.23.15-2 <none>
2020-11-03 23:31:28 status unpacked libp11-kit0:armhf 0.23.15-2
2020-11-03 23:31:28 status half-configured libp11-kit0:armhf 0.23.15-2
2020-11-03 23:31:28 status installed libp11-kit0:armhf 0.23.15-2
2020-11-03 23:31:28 configure libaudit1:armhf 1:2.8.4-3 <none>
2020-11-03 23:31:28 status unpacked libaudit1:armhf 1:2.8.4-3
2020-11-03 23:31:28 status half-configured libaudit1:armhf 1:2.8.4-3
2020-11-03 23:31:28 status installed libaudit1:armhf 1:2.8.4-3
2020-11-03 23:31:28 configure libuuid1:armhf 2.33.1-0.1 <none>
2020-11-03 23:31:28 status unpacked libuuid1:armhf 2.33.1-0.1
2020-11-03 23:31:28 status half-configured libuuid1:armhf 2.33.1-0.1
2020-11-03 23:31:28 status installed libuuid1:armhf 2.33.1-0.1
2020-11-03 23:31:28 configure libpcsclite1:armhf 1.8.24-1 <none>
2020-11-03 23:31:28 status unpacked libpcsclite1:armhf 1.8.24-1
2020-11-03 23:31:28 status half-configured libpcsclite1:armhf 1.8.24-1
2020-11-03 23:31:28 status installed libpcsclite1:armhf 1.8.24-1
2020-11-03 23:31:28 configure libncursesw6:armhf 6.1+20181013-2+deb10u2 <none>
2020-11-03 23:31:28 status unpacked libncursesw6:armhf 6.1+20181013-2+deb10u2
2020-11-03 23:31:28 status half-configured libncursesw6:armhf 6.1+20181013-2+deb10u2
2020-11-03 23:31:29 status installed libncursesw6:armhf 6.1+20181013-2+deb10u2
2020-11-03 23:31:29 configure libk5crypto3:armhf 1.17-3 <none>
2020-11-03 23:31:29 status unpacked libk5crypto3:armhf 1.17-3
2020-11-03 23:31:29 status half-configured libk5crypto3:armhf 1.17-3
2020-11-03 23:31:29 status installed libk5crypto3:armhf 1.17-3
2020-11-03 23:31:29 configure libnettle6:armhf 3.4.1-1 <none>
2020-11-03 23:31:29 status unpacked libnettle6:armhf 3.4.1-1
2020-11-03 23:31:29 status half-configured libnettle6:armhf 3.4.1-1
2020-11-03 23:31:29 status installed libnettle6:armhf 3.4.1-1
2020-11-03 23:31:29 configure libsasl2-2:armhf 2.1.27+dfsg-1+deb10u1 <none>
2020-11-03 23:31:29 status unpacked libsasl2-2:armhf 2.1.27+dfsg-1+deb10u1
2020-11-03 23:31:29 status half-configured libsasl2-2:armhf 2.1.27+dfsg-1+deb10u1
2020-11-03 23:31:29 status installed libsasl2-2:armhf 2.1.27+dfsg-1+deb10u1
2020-11-03 23:31:29 configure gpgv:armhf 2.2.12-1+rpi1+deb10u1 <none>
2020-11-03 23:31:29 status unpacked gpgv:armhf 2.2.12-1+rpi1+deb10u1
2020-11-03 23:31:29 status half-configured gpgv:armhf 2.2.12-1+rpi1+deb10u1
2020-11-03 23:31:29 status installed gpgv:armhf 2.2.12-1+rpi1+deb10u1
2020-11-03 23:31:29 configure libnl-genl-3-200:armhf 3.4.0-1 <none>
2020-11-03 23:31:29 status unpacked libnl-genl-3-200:armhf 3.4.0-1
2020-11-03 23:31:29 status half-configured libnl-genl-3-200:armhf 3.4.0-1
2020-11-03 23:31:29 status installed libnl-genl-3-200:armhf 3.4.0-1
2020-11-03 23:31:29 configure iw:armhf 5.0.1-1 <none>
2020-11-03 23:31:29 status unpacked iw:armhf 5.0.1-1
2020-11-03 23:31:29 status half-configured iw:armhf 5.0.1-1
2020-11-03 23:31:29 status installed iw:armhf 5.0.1-1
2020-11-03 23:31:29 configure libblkid1:armhf 2.33.1-0.1 <none>
2020-11-03 23:31:29 status unpacked libblkid1:armhf 2.33.1-0.1
2020-11-03 23:31:29 status half-configured libblkid1:armhf 2.33.1-0.1
2020-11-03 23:31:29 status installed libblkid1:armhf 2.33.1-0.1
2020-11-03 23:31:29 configure libstdc++6:armhf 8.3.0-6+rpi1 <none>
2020-11-03 23:31:29 status unpacked libstdc++6:armhf 8.3.0-6+rpi1
2020-11-03 23:31:29 status half-configured libstdc++6:armhf 8.3.0-6+rpi1
2020-11-03 23:31:29 status installed libstdc++6:armhf 8.3.0-6+rpi1
2020-11-03 23:31:29 configure libksba8:armhf 1.3.5-2 <none>
2020-11-03 23:31:29 status unpacked libksba8:armhf 1.3.5-2
2020-11-03 23:31:29 status half-configured libksba8:armhf 1.3.5-2
2020-11-03 23:31:29 status installed libksba8:armhf 1.3.5-2
2020-11-03 23:31:29 configure pinentry-curses:armhf 1.1.0-2 <none>
2020-11-03 23:31:29 status unpacked pinentry-curses:armhf 1.1.0-2
2020-11-03 23:31:29 status half-configured pinentry-curses:armhf 1.1.0-2
2020-11-03 23:31:29 status installed pinentry-curses:armhf 1.1.0-2
2020-11-03 23:31:29 configure libhogweed4:armhf 3.4.1-1 <none>
2020-11-03 23:31:29 status unpacked libhogweed4:armhf 3.4.1-1
2020-11-03 23:31:29 status half-configured libhogweed4:armhf 3.4.1-1
2020-11-03 23:31:29 status installed libhogweed4:armhf 3.4.1-1
2020-11-03 23:31:29 configure libprocps7:armhf 2:3.3.15-2 <none>
2020-11-03 23:31:29 status unpacked libprocps7:armhf 2:3.3.15-2
2020-11-03 23:31:29 status half-configured libprocps7:armhf 2:3.3.15-2
2020-11-03 23:31:29 status installed libprocps7:armhf 2:3.3.15-2
2020-11-03 23:31:29 configure libselinux1:armhf 2.8-1+b1 <none>
2020-11-03 23:31:29 status unpacked libselinux1:armhf 2.8-1+b1
2020-11-03 23:31:29 status half-configured libselinux1:armhf 2.8-1+b1
2020-11-03 23:31:29 status installed libselinux1:armhf 2.8-1+b1
2020-11-03 23:31:29 configure libgnutls30:armhf 3.6.7-4+deb10u5 <none>
2020-11-03 23:31:29 status unpacked libgnutls30:armhf 3.6.7-4+deb10u5
2020-11-03 23:31:29 status half-configured libgnutls30:armhf 3.6.7-4+deb10u5
2020-11-03 23:31:29 status installed libgnutls30:armhf 3.6.7-4+deb10u5
2020-11-03 23:31:29 configure sed:armhf 4.7-1 <none>
2020-11-03 23:31:29 status unpacked sed:armhf 4.7-1
2020-11-03 23:31:29 status half-configured sed:armhf 4.7-1
2020-11-03 23:31:29 status installed sed:armhf 4.7-1
2020-11-03 23:31:29 configure libfdisk1:armhf 2.33.1-0.1 <none>
2020-11-03 23:31:29 status unpacked libfdisk1:armhf 2.33.1-0.1
2020-11-03 23:31:29 status half-configured libfdisk1:armhf 2.33.1-0.1
2020-11-03 23:31:29 status installed libfdisk1:armhf 2.33.1-0.1
2020-11-03 23:31:29 configure libdevmapper1.02.1:armhf 2:1.02.155-3 <none>
2020-11-03 23:31:29 status unpacked libdevmapper1.02.1:armhf 2:1.02.155-3
2020-11-03 23:31:29 status half-configured libdevmapper1.02.1:armhf 2:1.02.155-3
2020-11-03 23:31:30 status installed libdevmapper1.02.1:armhf 2:1.02.155-3
2020-11-03 23:31:30 configure findutils:armhf 4.6.0+git+20190209-2 <none>
2020-11-03 23:31:30 status unpacked findutils:armhf 4.6.0+git+20190209-2
2020-11-03 23:31:30 status half-configured findutils:armhf 4.6.0+git+20190209-2
2020-11-03 23:31:30 status installed findutils:armhf 4.6.0+git+20190209-2
2020-11-03 23:31:30 configure dmsetup:armhf 2:1.02.155-3 <none>
2020-11-03 23:31:30 status unpacked dmsetup:armhf 2:1.02.155-3
2020-11-03 23:31:30 status half-configured dmsetup:armhf 2:1.02.155-3
2020-11-03 23:31:30 status installed dmsetup:armhf 2:1.02.155-3
2020-11-03 23:31:30 configure libmount1:armhf 2.33.1-0.1 <none>
2020-11-03 23:31:30 status unpacked libmount1:armhf 2.33.1-0.1
2020-11-03 23:31:30 status half-configured libmount1:armhf 2.33.1-0.1
2020-11-03 23:31:30 status installed libmount1:armhf 2.33.1-0.1
2020-11-03 23:31:30 configure libapt-pkg5.0:armhf 1.8.2.1 <none>
2020-11-03 23:31:30 status unpacked libapt-pkg5.0:armhf 1.8.2.1
2020-11-03 23:31:30 status half-configured libapt-pkg5.0:armhf 1.8.2.1
2020-11-03 23:31:30 status installed libapt-pkg5.0:armhf 1.8.2.1
2020-11-03 23:31:30 configure libsemanage1:armhf 2.8-2 <none>
2020-11-03 23:31:30 status unpacked libsemanage1:armhf 2.8-2
2020-11-03 23:31:30 status half-configured libsemanage1:armhf 2.8-2
2020-11-03 23:31:30 status installed libsemanage1:armhf 2.8-2
2020-11-03 23:31:30 configure net-tools:armhf 1.60+git20180626.aebd88e-1 <none>
2020-11-03 23:31:30 status unpacked net-tools:armhf 1.60+git20180626.aebd88e-1
2020-11-03 23:31:30 status half-configured net-tools:armhf 1.60+git20180626.aebd88e-1
2020-11-03 23:31:30 status installed net-tools:armhf 1.60+git20180626.aebd88e-1
2020-11-03 23:31:30 configure tar:armhf 1.30+dfsg-6 <none>
2020-11-03 23:31:30 status unpacked tar:armhf 1.30+dfsg-6
2020-11-03 23:31:30 status half-configured tar:armhf 1.30+dfsg-6
2020-11-03 23:31:30 status installed tar:armhf 1.30+dfsg-6
2020-11-03 23:31:30 configure libldap-2.4-2:armhf 2.4.47+dfsg-3+rpi1+deb10u2 <none>
2020-11-03 23:31:30 status unpacked libldap-2.4-2:armhf 2.4.47+dfsg-3+rpi1+deb10u2
2020-11-03 23:31:30 status half-configured libldap-2.4-2:armhf 2.4.47+dfsg-3+rpi1+deb10u2
2020-11-03 23:31:30 status installed libldap-2.4-2:armhf 2.4.47+dfsg-3+rpi1+deb10u2
2020-11-03 23:31:30 configure coreutils:armhf 8.30-3 <none>
2020-11-03 23:31:30 status unpacked coreutils:armhf 8.30-3
2020-11-03 23:31:30 status half-configured coreutils:armhf 8.30-3
2020-11-03 23:31:30 status installed coreutils:armhf 8.30-3
2020-11-03 23:31:30 configure fdisk:armhf 2.33.1-0.1 <none>
2020-11-03 23:31:30 status unpacked fdisk:armhf 2.33.1-0.1
2020-11-03 23:31:30 status half-configured fdisk:armhf 2.33.1-0.1
2020-11-03 23:31:30 status installed fdisk:armhf 2.33.1-0.1
2020-11-03 23:31:30 configure dpkg:armhf 1.19.7 <none>
2020-11-03 23:31:30 status unpacked dpkg:armhf 1.19.7
2020-11-03 23:31:30 status half-configured dpkg:armhf 1.19.7
2020-11-03 23:31:30 status installed dpkg:armhf 1.19.7
2020-11-03 23:31:30 configure readline-common:all 7.0-5 <none>
2020-11-03 23:31:30 status unpacked readline-common:all 7.0-5
2020-11-03 23:31:30 status half-configured readline-common:all 7.0-5
2020-11-03 23:31:31 status installed readline-common:all 7.0-5
2020-11-03 23:31:31 configure libreadline7:armhf 7.0-5 <none>
2020-11-03 23:31:31 status unpacked libreadline7:armhf 7.0-5
2020-11-03 23:31:31 status half-configured libreadline7:armhf 7.0-5
2020-11-03 23:31:31 status installed libreadline7:armhf 7.0-5
2020-11-03 23:31:31 configure gnupg-utils:armhf 2.2.12-1+rpi1+deb10u1 <none>
2020-11-03 23:31:31 status unpacked gnupg-utils:armhf 2.2.12-1+rpi1+deb10u1
2020-11-03 23:31:31 status half-configured gnupg-utils:armhf 2.2.12-1+rpi1+deb10u1
2020-11-03 23:31:31 status installed gnupg-utils:armhf 2.2.12-1+rpi1+deb10u1
2020-11-03 23:31:31 configure grep:armhf 3.3-1 <none>
2020-11-03 23:31:31 status unpacked grep:armhf 3.3-1
2020-11-03 23:31:31 status half-configured grep:armhf 3.3-1
2020-11-03 23:31:31 status installed grep:armhf 3.3-1
2020-11-03 23:31:31 configure perl-base:armhf 5.28.1-6 <none>
2020-11-03 23:31:31 status unpacked perl-base:armhf 5.28.1-6
2020-11-03 23:31:31 status half-configured perl-base:armhf 5.28.1-6
2020-11-03 23:31:31 status installed perl-base:armhf 5.28.1-6
2020-11-03 23:31:31 configure init-system-helpers:all 1.56+nmu1 <none>
2020-11-03 23:31:31 status unpacked init-system-helpers:all 1.56+nmu1
2020-11-03 23:31:31 status half-configured init-system-helpers:all 1.56+nmu1
2020-11-03 23:31:31 status installed init-system-helpers:all 1.56+nmu1
2020-11-03 23:31:31 configure gzip:armhf 1.9-3 <none>
2020-11-03 23:31:31 status unpacked gzip:armhf 1.9-3
2020-11-03 23:31:31 status half-configured gzip:armhf 1.9-3
2020-11-03 23:31:31 status installed gzip:armhf 1.9-3
2020-11-03 23:31:31 configure procps:armhf 2:3.3.15-2 <none>
2020-11-03 23:31:31 status unpacked procps:armhf 2:3.3.15-2
2020-11-03 23:31:31 status half-configured procps:armhf 2:3.3.15-2
2020-11-03 23:31:31 status installed procps:armhf 2:3.3.15-2
2020-11-03 23:31:31 configure gpgconf:armhf 2.2.12-1+rpi1+deb10u1 <none>
2020-11-03 23:31:31 status unpacked gpgconf:armhf 2.2.12-1+rpi1+deb10u1
2020-11-03 23:31:31 status half-configured gpgconf:armhf 2.2.12-1+rpi1+deb10u1
2020-11-03 23:31:31 status installed gpgconf:armhf 2.2.12-1+rpi1+deb10u1
2020-11-03 23:31:31 configure gpg:armhf 2.2.12-1+rpi1+deb10u1 <none>
2020-11-03 23:31:31 status unpacked gpg:armhf 2.2.12-1+rpi1+deb10u1
2020-11-03 23:31:31 status half-configured gpg:armhf 2.2.12-1+rpi1+deb10u1
2020-11-03 23:31:31 status installed gpg:armhf 2.2.12-1+rpi1+deb10u1
2020-11-03 23:31:31 configure gpg-agent:armhf 2.2.12-1+rpi1+deb10u1 <none>
2020-11-03 23:31:31 status unpacked gpg-agent:armhf 2.2.12-1+rpi1+deb10u1
2020-11-03 23:31:31 status half-configured gpg-agent:armhf 2.2.12-1+rpi1+deb10u1
2020-11-03 23:31:31 status installed gpg-agent:armhf 2.2.12-1+rpi1+deb10u1
2020-11-03 23:31:31 configure gpgsm:armhf 2.2.12-1+rpi1+deb10u1 <none>
2020-11-03 23:31:31 status unpacked gpgsm:armhf 2.2.12-1+rpi1+deb10u1
2020-11-03 23:31:31 status half-configured gpgsm:armhf 2.2.12-1+rpi1+deb10u1
2020-11-03 23:31:31 status installed gpgsm:armhf 2.2.12-1+rpi1+deb10u1
2020-11-03 23:31:31 configure debconf:all 1.5.71 <none>
2020-11-03 23:31:31 status unpacked debconf:all 1.5.71
2020-11-03 23:31:31 status half-configured debconf:all 1.5.71
2020-11-03 23:31:32 status installed debconf:all 1.5.71
2020-11-03 23:31:32 configure tzdata:all 2020d-0+deb10u1 <none>
2020-11-03 23:31:32 status unpacked tzdata:all 2020d-0+deb10u1
2020-11-03 23:31:32 status half-configured tzdata:all 2020d-0+deb10u1
2020-11-03 23:31:34 status installed tzdata:all 2020d-0+deb10u1
2020-11-03 23:31:34 configure libpam0g:armhf 1.3.1-5+rpt2 <none>
2020-11-03 23:31:34 status unpacked libpam0g:armhf 1.3.1-5+rpt2
2020-11-03 23:31:34 status half-configured libpam0g:armhf 1.3.1-5+rpt2
2020-11-03 23:31:34 status installed libpam0g:armhf 1.3.1-5+rpt2
2020-11-03 23:31:34 configure ucf:all 3.0038+nmu1 <none>
2020-11-03 23:31:34 status unpacked ucf:all 3.0038+nmu1
2020-11-03 23:31:34 status half-configured ucf:all 3.0038+nmu1
2020-11-03 23:31:35 status installed ucf:all 3.0038+nmu1
2020-11-03 23:31:35 configure gpg-wks-server:armhf 2.2.12-1+rpi1+deb10u1 <none>
2020-11-03 23:31:35 status unpacked gpg-wks-server:armhf 2.2.12-1+rpi1+deb10u1
2020-11-03 23:31:35 status half-configured gpg-wks-server:armhf 2.2.12-1+rpi1+deb10u1
2020-11-03 23:31:35 status installed gpg-wks-server:armhf 2.2.12-1+rpi1+deb10u1
2020-11-03 23:31:35 configure dash:armhf 0.5.10.2-5 <none>
2020-11-03 23:31:35 status unpacked dash:armhf 0.5.10.2-5
2020-11-03 23:31:35 status half-configured dash:armhf 0.5.10.2-5
2020-11-03 23:31:38 status installed dash:armhf 0.5.10.2-5
2020-11-03 23:31:38 configure libssl1.1:armhf 1.1.1d-0+deb10u3+rpt1 <none>
2020-11-03 23:31:38 status unpacked libssl1.1:armhf 1.1.1d-0+deb10u3+rpt1
2020-11-03 23:31:38 status half-configured libssl1.1:armhf 1.1.1d-0+deb10u3+rpt1
2020-11-03 23:31:39 status installed libssl1.1:armhf 1.1.1d-0+deb10u3+rpt1
2020-11-03 23:31:39 configure libpam-modules-bin:armhf 1.3.1-5+rpt2 <none>
2020-11-03 23:31:39 status unpacked libpam-modules-bin:armhf 1.3.1-5+rpt2
2020-11-03 23:31:39 status half-configured libpam-modules-bin:armhf 1.3.1-5+rpt2
2020-11-03 23:31:39 status installed libpam-modules-bin:armhf 1.3.1-5+rpt2
2020-11-03 23:31:39 configure libcryptsetup12:armhf 2:2.1.0-5+deb10u2 <none>
2020-11-03 23:31:39 status unpacked libcryptsetup12:armhf 2:2.1.0-5+deb10u2
2020-11-03 23:31:39 status half-configured libcryptsetup12:armhf 2:2.1.0-5+deb10u2
2020-11-03 23:31:39 status installed libcryptsetup12:armhf 2:2.1.0-5+deb10u2
2020-11-03 23:31:39 configure libkrb5-3:armhf 1.17-3 <none>
2020-11-03 23:31:39 status unpacked libkrb5-3:armhf 1.17-3
2020-11-03 23:31:39 status half-configured libkrb5-3:armhf 1.17-3
2020-11-03 23:31:39 status installed libkrb5-3:armhf 1.17-3
2020-11-03 23:31:39 configure openssl:armhf 1.1.1d-0+deb10u3+rpt1 <none>
2020-11-03 23:31:39 status unpacked openssl:armhf 1.1.1d-0+deb10u3+rpt1
2020-11-03 23:31:39 status half-configured openssl:armhf 1.1.1d-0+deb10u3+rpt1
2020-11-03 23:31:39 status installed openssl:armhf 1.1.1d-0+deb10u3+rpt1
2020-11-03 23:31:39 configure crda:armhf 3.18-1 <none>
2020-11-03 23:31:39 status unpacked crda:armhf 3.18-1
2020-11-03 23:31:39 status half-configured crda:armhf 3.18-1
2020-11-03 23:31:39 status installed crda:armhf 3.18-1
2020-11-03 23:31:39 configure libkmod2:armhf 26-1 <none>
2020-11-03 23:31:39 status unpacked libkmod2:armhf 26-1
2020-11-03 23:31:39 status half-configured libkmod2:armhf 26-1
2020-11-03 23:31:39 status installed libkmod2:armhf 26-1
2020-11-03 23:31:39 configure libpam-modules:armhf 1.3.1-5+rpt2 <none>
2020-11-03 23:31:39 status unpacked libpam-modules:armhf 1.3.1-5+rpt2
2020-11-03 23:31:39 status half-configured libpam-modules:armhf 1.3.1-5+rpt2
2020-11-03 23:31:39 status installed libpam-modules:armhf 1.3.1-5+rpt2
2020-11-03 23:31:39 configure kmod:armhf 26-1 <none>
2020-11-03 23:31:39 status unpacked kmod:armhf 26-1
2020-11-03 23:31:39 status half-configured kmod:armhf 26-1
2020-11-03 23:31:40 status installed kmod:armhf 26-1
2020-11-03 23:31:40 configure ca-certificates:all 20200601~deb10u1 <none>
2020-11-03 23:31:40 status unpacked ca-certificates:all 20200601~deb10u1
2020-11-03 23:31:40 status half-configured ca-certificates:all 20200601~deb10u1
2020-11-03 23:32:13 status installed ca-certificates:all 20200601~deb10u1
2020-11-03 23:32:13 status triggers-pending ca-certificates:all 20200601~deb10u1
2020-11-03 23:32:13 configure libgssapi-krb5-2:armhf 1.17-3 <none>
2020-11-03 23:32:13 status unpacked libgssapi-krb5-2:armhf 1.17-3
2020-11-03 23:32:13 status half-configured libgssapi-krb5-2:armhf 1.17-3
2020-11-03 23:32:13 status installed libgssapi-krb5-2:armhf 1.17-3
2020-11-03 23:32:13 configure passwd:armhf 1:4.5-1.1 <none>
2020-11-03 23:32:13 status unpacked passwd:armhf 1:4.5-1.1
2020-11-03 23:32:13 status half-configured passwd:armhf 1:4.5-1.1
2020-11-03 23:32:14 status installed passwd:armhf 1:4.5-1.1
2020-11-03 23:32:14 configure libpam-runtime:all 1.3.1-5+rpt2 <none>
2020-11-03 23:32:14 status unpacked libpam-runtime:all 1.3.1-5+rpt2
2020-11-03 23:32:14 status half-configured libpam-runtime:all 1.3.1-5+rpt2
2020-11-03 23:32:15 status installed libpam-runtime:all 1.3.1-5+rpt2
2020-11-03 23:32:15 configure login:armhf 1:4.5-1.1 <none>
2020-11-03 23:32:15 status unpacked login:armhf 1:4.5-1.1
2020-11-03 23:32:15 status half-configured login:armhf 1:4.5-1.1
2020-11-03 23:32:16 status installed login:armhf 1:4.5-1.1
2020-11-03 23:32:16 configure adduser:all 3.118 <none>
2020-11-03 23:32:16 status unpacked adduser:all 3.118
2020-11-03 23:32:16 status half-configured adduser:all 3.118
2020-11-03 23:32:17 status installed adduser:all 3.118
2020-11-03 23:32:17 configure openssh-client:armhf 1:7.9p1-10+deb10u2 <none>
2020-11-03 23:32:17 status unpacked openssh-client:armhf 1:7.9p1-10+deb10u2
2020-11-03 23:32:17 status half-configured openssh-client:armhf 1:7.9p1-10+deb10u2
2020-11-03 23:32:18 status installed openssh-client:armhf 1:7.9p1-10+deb10u2
2020-11-03 23:32:18 configure wpasupplicant:armhf 2:2.7+git20190128+0c1e29f-6+deb10u2 <none>
2020-11-03 23:32:18 status unpacked wpasupplicant:armhf 2:2.7+git20190128+0c1e29f-6+deb10u2
2020-11-03 23:32:18 status half-configured wpasupplicant:armhf 2:2.7+git20190128+0c1e29f-6+deb10u2
2020-11-03 23:32:20 status installed wpasupplicant:armhf 2:2.7+git20190128+0c1e29f-6+deb10u2
2020-11-03 23:32:20 configure dirmngr:armhf 2.2.12-1+rpi1+deb10u1 <none>
2020-11-03 23:32:20 status unpacked dirmngr:armhf 2.2.12-1+rpi1+deb10u1
2020-11-03 23:32:20 status half-configured dirmngr:armhf 2.2.12-1+rpi1+deb10u1
2020-11-03 23:32:20 status installed dirmngr:armhf 2.2.12-1+rpi1+deb10u1
2020-11-03 23:32:20 configure util-linux:armhf 2.33.1-0.1 <none>
2020-11-03 23:32:20 status unpacked util-linux:armhf 2.33.1-0.1
2020-11-03 23:32:20 status half-configured util-linux:armhf 2.33.1-0.1
2020-11-03 23:32:22 status installed util-linux:armhf 2.33.1-0.1
2020-11-03 23:32:22 configure mount:armhf 2.33.1-0.1 <none>
2020-11-03 23:32:22 status unpacked mount:armhf 2.33.1-0.1
2020-11-03 23:32:22 status half-configured mount:armhf 2.33.1-0.1
2020-11-03 23:32:22 status installed mount:armhf 2.33.1-0.1
2020-11-03 23:32:22 configure openssh-sftp-server:armhf 1:7.9p1-10+deb10u2 <none>
2020-11-03 23:32:22 status unpacked openssh-sftp-server:armhf 1:7.9p1-10+deb10u2
2020-11-03 23:32:22 status half-configured openssh-sftp-server:armhf 1:7.9p1-10+deb10u2
2020-11-03 23:32:22 status installed openssh-sftp-server:armhf 1:7.9p1-10+deb10u2
2020-11-03 23:32:22 configure gpg-wks-client:armhf 2.2.12-1+rpi1+deb10u1 <none>
2020-11-03 23:32:22 status unpacked gpg-wks-client:armhf 2.2.12-1+rpi1+deb10u1
2020-11-03 23:32:22 status half-configured gpg-wks-client:armhf 2.2.12-1+rpi1+deb10u1
2020-11-03 23:32:22 status installed gpg-wks-client:armhf 2.2.12-1+rpi1+deb10u1
2020-11-03 23:32:22 configure openssh-server:armhf 1:7.9p1-10+deb10u2 <none>
2020-11-03 23:32:22 status unpacked openssh-server:armhf 1:7.9p1-10+deb10u2
2020-11-03 23:32:22 status half-configured openssh-server:armhf 1:7.9p1-10+deb10u2
2020-11-03 23:32:33 status installed openssh-server:armhf 1:7.9p1-10+deb10u2
2020-11-03 23:32:33 configure systemd:armhf 241-7~deb10u4+rpi1 <none>
2020-11-03 23:32:33 status unpacked systemd:armhf 241-7~deb10u4+rpi1
2020-11-03 23:32:33 status half-configured systemd:armhf 241-7~deb10u4+rpi1
2020-11-03 23:32:38 status installed systemd:armhf 241-7~deb10u4+rpi1
2020-11-03 23:32:38 configure udev:armhf 241-7~deb10u4+rpi1 <none>
2020-11-03 23:32:38 status unpacked udev:armhf 241-7~deb10u4+rpi1
2020-11-03 23:32:38 status half-configured udev:armhf 241-7~deb10u4+rpi1
2020-11-03 23:32:44 status installed udev:armhf 241-7~deb10u4+rpi1
2020-11-03 23:32:44 configure gnupg:all 2.2.12-1+rpi1+deb10u1 <none>
2020-11-03 23:32:44 status unpacked gnupg:all 2.2.12-1+rpi1+deb10u1
2020-11-03 23:32:44 status half-configured gnupg:all 2.2.12-1+rpi1+deb10u1
2020-11-03 23:32:44 status installed gnupg:all 2.2.12-1+rpi1+deb10u1
2020-11-03 23:32:44 configure systemd-sysv:armhf 241-7~deb10u4+rpi1 <none>
2020-11-03 23:32:44 status unpacked systemd-sysv:armhf 241-7~deb10u4+rpi1
2020-11-03 23:32:44 status half-configured systemd-sysv:armhf 241-7~deb10u4+rpi1
2020-11-03 23:32:45 status installed systemd-sysv:armhf 241-7~deb10u4+rpi1
2020-11-03 23:32:45 configure init:armhf 1.56+nmu1 <none>
2020-11-03 23:32:45 status unpacked init:armhf 1.56+nmu1
2020-11-03 23:32:45 status half-configured init:armhf 1.56+nmu1
2020-11-03 23:32:45 status installed init:armhf 1.56+nmu1
2020-11-03 23:32:45 configure raspbian-archive-keyring:all 20120528.2 <none>
2020-11-03 23:32:45 status unpacked raspbian-archive-keyring:all 20120528.2
2020-11-03 23:32:45 status half-configured raspbian-archive-keyring:all 20120528.2
2020-11-03 23:32:45 status installed raspbian-archive-keyring:all 20120528.2
2020-11-03 23:32:45 configure apt:armhf 1.8.2.1 <none>
2020-11-03 23:32:45 status unpacked apt:armhf 1.8.2.1
2020-11-03 23:32:45 status half-configured apt:armhf 1.8.2.1
2020-11-03 23:32:50 status installed apt:armhf 1.8.2.1
2020-11-03 23:32:50 trigproc libc-bin:armhf 2.28-10+rpi1 <none>
2020-11-03 23:32:50 status half-configured libc-bin:armhf 2.28-10+rpi1
2020-11-03 23:32:50 status installed libc-bin:armhf 2.28-10+rpi1
2020-11-03 23:32:50 trigproc ca-certificates:all 20200601~deb10u1 <none>
2020-11-03 23:32:50 status half-configured ca-certificates:all 20200601~deb10u1
2020-11-03 23:33:07 status installed ca-certificates:all 20200601~deb10u1
